-- The C compiler identification is GNU 13.3.0
-- The CXX compiler identification is GNU 13.3.0
-- Detecting C compiler ABI info
-- Detecting C compiler ABI info - done
-- Check for working C compiler: /usr/bin/cc - skipped
-- Detecting C compile features
-- Detecting C compile features - done
-- Detecting CXX compiler ABI info
-- Detecting CXX compiler ABI info - done
-- Check for working CXX compiler: /usr/bin/c++ - skipped
-- Detecting CXX compile features
-- Detecting CXX compile features - done
-- Found ament_cmake: 2.5.4 (/opt/ros/jazzy/share/ament_cmake/cmake)
-- Found Python3: /usr/bin/python3 (found version "3.12.3") found components: Interpreter 
-- Found rclcpp: 28.1.13 (/opt/ros/jazzy/share/rclcpp/cmake)
-- Found rosidl_generator_c: 4.6.6 (/opt/ros/jazzy/share/rosidl_generator_c/cmake)
-- Found rosidl_generator_cpp: 4.6.6 (/opt/ros/jazzy/share/rosidl_generator_cpp/cmake)
-- Using all available rosidl_typesupport_c: rosidl_typesupport_fastrtps_c;rosidl_typesupport_introspection_c
-- Using all available rosidl_typesupport_cpp: rosidl_typesupport_fastrtps_cpp;rosidl_typesupport_introspection_cpp
-- Found rmw_implementation_cmake: 7.3.2 (/opt/ros/jazzy/share/rmw_implementation_cmake/cmake)
-- Found rmw_fastrtps_cpp: 8.4.3 (/opt/ros/jazzy/share/rmw_fastrtps_cpp/cmake)
-- Found OpenSSL: /usr/lib/x86_64-linux-gnu/libcrypto.so (found version "3.0.13")  
-- Found FastRTPS: /opt/ros/jazzy/include (Required is at least version "2.13") 
-- Using RMW implementation 'rmw_fastrtps_cpp' as default
-- Found turtlesim: 1.8.3 (/opt/ros/jazzy/share/turtlesim/cmake)
-- Found std_msgs: 5.3.6 (/opt/ros/jazzy/share/std_msgs/cmake)
-- Found ament_lint_auto: 0.17.3 (/opt/ros/jazzy/share/ament_lint_auto/cmake)
-- Added test 'cppcheck' to perform static code analysis on C / C++ code
-- Configured cppcheck include dirs: 
-- Configured cppcheck exclude dirs and/or files: 
-- Added test 'flake8' to check Python code syntax and style conventions
-- Configured 'flake8' exclude dirs and/or files: 
-- Added test 'lint_cmake' to check CMake code style
-- Added test 'pep257' to check Python code against some of the docstring style conventions in PEP 257
-- Added test 'uncrustify' to check C / C++ code style
-- Configured uncrustify additional arguments: 
-- Added test 'xmllint' to check XML markup files
-- Configuring done (1.7s)
-- Generating done (0.0s)
-- Build files have been written to: /home/tozz/Documents/ros_ws/src/assignment1_rt/build/assignment1_rt
[ 50%] [32mBuilding CXX object CMakeFiles/distance.dir/src/Distance.cpp.o[0m
[100%] [32m[1mLinking CXX executable distance[0m
[100%] Built target distance
-- Install configuration: ""
-- Installing: /home/tozz/Documents/ros_ws/src/assignment1_rt/install/assignment1_rt/lib/assignment1_rt/distance
-- Set non-toolchain portion of runtime path of "/home/tozz/Documents/ros_ws/src/assignment1_rt/install/assignment1_rt/lib/assignment1_rt/distance" to ""
-- Installing: /home/tozz/Documents/ros_ws/src/assignment1_rt/install/assignment1_rt/lib/assignment1_rt/UI
-- Installing: /home/tozz/Documents/ros_ws/src/assignment1_rt/install/assignment1_rt/lib/assignment1_rt/spawner
-- Installing: /home/tozz/Documents/ros_ws/src/assignment1_rt/install/assignment1_rt/share/ament_index/resource_index/package_run_dependencies/assignment1_rt
-- Installing: /home/tozz/Documents/ros_ws/src/assignment1_rt/install/assignment1_rt/share/ament_index/resource_index/parent_prefix_path/assignment1_rt
-- Installing: /home/tozz/Documents/ros_ws/src/assignment1_rt/install/assignment1_rt/share/assignment1_rt/environment/ament_prefix_path.sh
-- Installing: /home/tozz/Documents/ros_ws/src/assignment1_rt/install/assignment1_rt/share/assignment1_rt/environment/ament_prefix_path.dsv
-- Installing: /home/tozz/Documents/ros_ws/src/assignment1_rt/install/assignment1_rt/share/assignment1_rt/environment/path.sh
-- Installing: /home/tozz/Documents/ros_ws/src/assignment1_rt/install/assignment1_rt/share/assignment1_rt/environment/path.dsv
-- Installing: /home/tozz/Documents/ros_ws/src/assignment1_rt/install/assignment1_rt/share/assignment1_rt/local_setup.bash
-- Installing: /home/tozz/Documents/ros_ws/src/assignment1_rt/install/assignment1_rt/share/assignment1_rt/local_setup.sh
-- Installing: /home/tozz/Documents/ros_ws/src/assignment1_rt/install/assignment1_rt/share/assignment1_rt/local_setup.zsh
-- Installing: /home/tozz/Documents/ros_ws/src/assignment1_rt/install/assignment1_rt/share/assignment1_rt/local_setup.dsv
-- Installing: /home/tozz/Documents/ros_ws/src/assignment1_rt/install/assignment1_rt/share/assignment1_rt/package.dsv
-- Installing: /home/tozz/Documents/ros_ws/src/assignment1_rt/install/assignment1_rt/share/ament_index/resource_index/packages/assignment1_rt
-- Installing: /home/tozz/Documents/ros_ws/src/assignment1_rt/install/assignment1_rt/share/assignment1_rt/cmake/assignment1_rtConfig.cmake
-- Installing: /home/tozz/Documents/ros_ws/src/assignment1_rt/install/assignment1_rt/share/assignment1_rt/cmake/assignment1_rtConfig-version.cmake
-- Installing: /home/tozz/Documents/ros_ws/src/assignment1_rt/install/assignment1_rt/share/assignment1_rt/package.xml
