[0.011s] Invoking command in '/home/tozz/Documents/ros_ws/src/assignment1_rt/build/assignment1_rt': CMAKE_PREFIX_PATH=${CMAKE_PREFIX_PATH}:/opt/ros/jazzy DEBUGINFOD_URLS=https://debuginfod.ubuntu.com /usr/bin/cmake /home/tozz/Documents/ros_ws/src/assignment1_rt -DCMAKE_INSTALL_PREFIX=/home/tozz/Documents/ros_ws/src/assignment1_rt/install/assignment1_rt
[0.143s] -- The C compiler identification is GNU 13.3.0
[0.225s] -- The CXX compiler identification is GNU 13.3.0
[0.249s] -- Detecting C compiler ABI info
[0.375s] -- Detecting C compiler ABI info - done
[0.388s] -- Check for working C compiler: /usr/bin/cc - skipped
[0.389s] -- Detecting C compile features
[0.389s] -- Detecting C compile features - done
[0.405s] -- Detecting CXX compiler ABI info
[0.550s] -- Detecting CXX compiler ABI info - done
[0.568s] -- Check for working CXX compiler: /usr/bin/c++ - skipped
[0.568s] -- Detecting CXX compile features
[0.568s] -- Detecting CXX compile features - done
[0.574s] -- Found ament_cmake: 2.5.4 (/opt/ros/jazzy/share/ament_cmake/cmake)
[0.778s] -- Found Python3: /usr/bin/python3 (found version "3.12.3") found components: Interpreter 
[0.925s] -- Found rclcpp: 28.1.13 (/opt/ros/jazzy/share/rclcpp/cmake)
[0.972s] -- Found rosidl_generator_c: 4.6.6 (/opt/ros/jazzy/share/rosidl_generator_c/cmake)
[0.989s] -- Found rosidl_generator_cpp: 4.6.6 (/opt/ros/jazzy/share/rosidl_generator_cpp/cmake)
[1.015s] -- Using all available rosidl_typesupport_c: rosidl_typesupport_fastrtps_c;rosidl_typesupport_introspection_c
[1.038s] -- Using all available rosidl_typesupport_cpp: rosidl_typesupport_fastrtps_cpp;rosidl_typesupport_introspection_cpp
[1.137s] -- Found rmw_implementation_cmake: 7.3.2 (/opt/ros/jazzy/share/rmw_implementation_cmake/cmake)
[1.140s] -- Found rmw_fastrtps_cpp: 8.4.3 (/opt/ros/jazzy/share/rmw_fastrtps_cpp/cmake)
[1.240s] -- Found OpenSSL: /usr/lib/x86_64-linux-gnu/libcrypto.so (found version "3.0.13")  
[1.269s] -- Found FastRTPS: /opt/ros/jazzy/include (Required is at least version "2.13") 
[1.304s] -- Using RMW implementation 'rmw_fastrtps_cpp' as default
[1.410s] -- Found turtlesim: 1.8.3 (/opt/ros/jazzy/share/turtlesim/cmake)
[1.488s] -- Found std_msgs: 5.3.6 (/opt/ros/jazzy/share/std_msgs/cmake)
[1.510s] -- Found ament_lint_auto: 0.17.3 (/opt/ros/jazzy/share/ament_lint_auto/cmake)
[1.663s] -- Added test 'cppcheck' to perform static code analysis on C / C++ code
[1.663s] -- Configured cppcheck include dirs: 
[1.663s] -- Configured cppcheck exclude dirs and/or files: 
[1.665s] -- Added test 'flake8' to check Python code syntax and style conventions
[1.665s] -- Configured 'flake8' exclude dirs and/or files: 
[1.668s] -- Added test 'lint_cmake' to check CMake code style
[1.669s] -- Added test 'pep257' to check Python code against some of the docstring style conventions in PEP 257
[1.679s] -- Added test 'uncrustify' to check C / C++ code style
[1.679s] -- Configured uncrustify additional arguments: 
[1.681s] -- Added test 'xmllint' to check XML markup files
[1.682s] -- Configuring done (1.7s)
[1.698s] -- Generating done (0.0s)
[1.703s] -- Build files have been written to: /home/tozz/Documents/ros_ws/src/assignment1_rt/build/assignment1_rt
[1.721s] Invoked command in '/home/tozz/Documents/ros_ws/src/assignment1_rt/build/assignment1_rt' returned '0': CMAKE_PREFIX_PATH=${CMAKE_PREFIX_PATH}:/opt/ros/jazzy DEBUGINFOD_URLS=https://debuginfod.ubuntu.com /usr/bin/cmake /home/tozz/Documents/ros_ws/src/assignment1_rt -DCMAKE_INSTALL_PREFIX=/home/tozz/Documents/ros_ws/src/assignment1_rt/install/assignment1_rt
[1.723s] Invoking command in '/home/tozz/Documents/ros_ws/src/assignment1_rt/build/assignment1_rt': CMAKE_PREFIX_PATH=${CMAKE_PREFIX_PATH}:/opt/ros/jazzy DEBUGINFOD_URLS=https://debuginfod.ubuntu.com /usr/bin/cmake --build /home/tozz/Documents/ros_ws/src/assignment1_rt/build/assignment1_rt -- -j16 -l16
[1.795s] [ 50%] [32mBuilding CXX object CMakeFiles/distance.dir/src/Distance.cpp.o[0m
[7.243s] [100%] [32m[1mLinking CXX executable distance[0m
[7.479s] [100%] Built target distance
[7.488s] Invoked command in '/home/tozz/Documents/ros_ws/src/assignment1_rt/build/assignment1_rt' returned '0': CMAKE_PREFIX_PATH=${CMAKE_PREFIX_PATH}:/opt/ros/jazzy DEBUGINFOD_URLS=https://debuginfod.ubuntu.com /usr/bin/cmake --build /home/tozz/Documents/ros_ws/src/assignment1_rt/build/assignment1_rt -- -j16 -l16
[7.495s] Invoking command in '/home/tozz/Documents/ros_ws/src/assignment1_rt/build/assignment1_rt': CMAKE_PREFIX_PATH=${CMAKE_PREFIX_PATH}:/opt/ros/jazzy DEBUGINFOD_URLS=https://debuginfod.ubuntu.com /usr/bin/cmake --install /home/tozz/Documents/ros_ws/src/assignment1_rt/build/assignment1_rt
[7.501s] -- Install configuration: ""
[7.501s] -- Installing: /home/tozz/Documents/ros_ws/src/assignment1_rt/install/assignment1_rt/lib/assignment1_rt/distance
[7.503s] -- Set non-toolchain portion of runtime path of "/home/tozz/Documents/ros_ws/src/assignment1_rt/install/assignment1_rt/lib/assignment1_rt/distance" to ""
[7.504s] -- Installing: /home/tozz/Documents/ros_ws/src/assignment1_rt/install/assignment1_rt/lib/assignment1_rt/UI
[7.504s] -- Installing: /home/tozz/Documents/ros_ws/src/assignment1_rt/install/assignment1_rt/lib/assignment1_rt/spawner
[7.504s] -- Installing: /home/tozz/Documents/ros_ws/src/assignment1_rt/install/assignment1_rt/share/ament_index/resource_index/package_run_dependencies/assignment1_rt
[7.504s] -- Installing: /home/tozz/Documents/ros_ws/src/assignment1_rt/install/assignment1_rt/share/ament_index/resource_index/parent_prefix_path/assignment1_rt
[7.504s] -- Installing: /home/tozz/Documents/ros_ws/src/assignment1_rt/install/assignment1_rt/share/assignment1_rt/environment/ament_prefix_path.sh
[7.504s] -- Installing: /home/tozz/Documents/ros_ws/src/assignment1_rt/install/assignment1_rt/share/assignment1_rt/environment/ament_prefix_path.dsv
[7.504s] -- Installing: /home/tozz/Documents/ros_ws/src/assignment1_rt/install/assignment1_rt/share/assignment1_rt/environment/path.sh
[7.504s] -- Installing: /home/tozz/Documents/ros_ws/src/assignment1_rt/install/assignment1_rt/share/assignment1_rt/environment/path.dsv
[7.504s] -- Installing: /home/tozz/Documents/ros_ws/src/assignment1_rt/install/assignment1_rt/share/assignment1_rt/local_setup.bash
[7.504s] -- Installing: /home/tozz/Documents/ros_ws/src/assignment1_rt/install/assignment1_rt/share/assignment1_rt/local_setup.sh
[7.505s] -- Installing: /home/tozz/Documents/ros_ws/src/assignment1_rt/install/assignment1_rt/share/assignment1_rt/local_setup.zsh
[7.505s] -- Installing: /home/tozz/Documents/ros_ws/src/assignment1_rt/install/assignment1_rt/share/assignment1_rt/local_setup.dsv
[7.505s] -- Installing: /home/tozz/Documents/ros_ws/src/assignment1_rt/install/assignment1_rt/share/assignment1_rt/package.dsv
[7.505s] -- Installing: /home/tozz/Documents/ros_ws/src/assignment1_rt/install/assignment1_rt/share/ament_index/resource_index/packages/assignment1_rt
[7.505s] -- Installing: /home/tozz/Documents/ros_ws/src/assignment1_rt/install/assignment1_rt/share/assignment1_rt/cmake/assignment1_rtConfig.cmake
[7.505s] -- Installing: /home/tozz/Documents/ros_ws/src/assignment1_rt/install/assignment1_rt/share/assignment1_rt/cmake/assignment1_rtConfig-version.cmake
[7.505s] -- Installing: /home/tozz/Documents/ros_ws/src/assignment1_rt/install/assignment1_rt/share/assignment1_rt/package.xml
[7.506s] Invoked command in '/home/tozz/Documents/ros_ws/src/assignment1_rt/build/assignment1_rt' returned '0': CMAKE_PREFIX_PATH=${CMAKE_PREFIX_PATH}:/opt/ros/jazzy DEBUGINFOD_URLS=https://debuginfod.ubuntu.com /usr/bin/cmake --install /home/tozz/Documents/ros_ws/src/assignment1_rt/build/assignment1_rt
